<?xml version="1.0" encoding="UTF-8"?>
<!-- Generated by org.testng.reporters.JUnitXMLReporter -->
<testsuite ignored="1" hostname="MacBook-Air.local" failures="0" tests="1" name="Default test" time="46.43" errors="0" timestamp="2023-02-05T13:03:40 EST">
  <testcase classname="com.ig.qa.testcases.HomePageTest" name="verifyUserNameTest" time="29.45"/>
  <testcase classname="com.ig.qa.testcases.HomePageTest" name="verifyHomePageTitleTest" time="0.0">
    <ignored/>
  </testcase> <!-- verifyHomePageTitleTest -->
</testsuite> <!-- Default test -->
