<?xml version="1.0" encoding="UTF-8"?>
<testng-results ignored="1" total="2" passed="1" failed="0" skipped="0">
  <reporter-output>
  </reporter-output>
  <suite started-at="2023-02-05T13:02:53 EST" name="Default suite" finished-at="2023-02-05T13:03:40 EST" duration-ms="46430">
    <groups>
    </groups>
    <test started-at="2023-02-05T13:02:53 EST" name="Default test" finished-at="2023-02-05T13:03:40 EST" duration-ms="46430">
      <class name="com.ig.qa.testcases.HomePageTest">
        <test-method is-config="true" signature="setUp()[pri:0, instance:com.ig.qa.testcases.HomePageTest@1c93084c]" started-at="2023-02-05T13:02:53 EST" name="setUp" finished-at="2023-02-05T13:03:10 EST" duration-ms="16810" status="PASS">
          <reporter-output>
          </reporter-output>
        </test-method> <!-- setUp -->
        <test-method signature="verifyUserNameTest()[pri:2, instance:com.ig.qa.testcases.HomePageTest@1c93084c]" started-at="2023-02-05T13:03:10 EST" name="verifyUserNameTest" finished-at="2023-02-05T13:03:40 EST" duration-ms="29450" status="PASS">
          <reporter-output>
          </reporter-output>
        </test-method> <!-- verifyUserNameTest -->
        <test-method is-config="true" signature="tearDown()[pri:0, instance:com.ig.qa.testcases.HomePageTest@1c93084c]" started-at="2023-02-05T13:03:40 EST" name="tearDown" finished-at="2023-02-05T13:03:40 EST" duration-ms="100" status="PASS">
          <reporter-output>
          </reporter-output>
        </test-method> <!-- tearDown -->
      </class> <!-- com.ig.qa.testcases.HomePageTest -->
    </test> <!-- Default test -->
  </suite> <!-- Default suite -->
</testng-results>
